ERROR 2025-05-11 19:01:35,744 views Error in orders_view: no such table: boutiqe_order
ERROR 2025-05-11 19:02:00,387 views Error in orders_view: no such table: boutiqe_order
ERROR 2025-05-11 19:03:27,490 views Error in orders_view: no such table: boutiqe_order
ERROR 2025-05-11 19:03:38,300 views Error in orders_view: no such table: boutiqe_order
ERROR 2025-05-11 19:06:21,052 views Error in orders_view: no such table: boutiqe_order
ERROR 2025-05-11 19:11:46,938 views Error recording coupon usage: CouponUsage() got unexpected keyword arguments: 'order_id', 'discount_amount'
ERROR 2025-05-11 19:11:46,957 views Error in orders_view: no such table: boutiqe_order
ERROR 2025-05-11 19:21:29,085 views Error in orders_view: no such table: boutiqe_order
ERROR 2025-05-11 19:21:56,953 views Error creating order: no such table: boutiqe_order
ERROR 2025-05-11 19:22:20,133 views Error creating order: no such table: boutiqe_order
ERROR 2025-05-12 14:31:34,207 cart_helper Error checking wishlist: no such table: boutiqe_guestwishlistitem
ERROR 2025-05-12 14:31:34,209 cart_helper Error adding to wishlist: no such table: boutiqe_guestwishlistitem
ERROR 2025-05-12 14:31:36,091 cart_helper Error checking wishlist: no such table: boutiqe_guestwishlistitem
ERROR 2025-05-12 14:31:36,092 cart_helper Error adding to wishlist: no such table: boutiqe_guestwishlistitem
ERROR 2025-05-12 14:31:37,003 cart_helper Error checking wishlist: no such table: boutiqe_guestwishlistitem
ERROR 2025-05-12 14:31:37,004 cart_helper Error adding to wishlist: no such table: boutiqe_guestwishlistitem
ERROR 2025-05-12 14:31:51,906 cart_helper Error checking wishlist: no such table: boutiqe_guestwishlistitem
ERROR 2025-05-12 14:31:51,907 cart_helper Error adding to wishlist: no such table: boutiqe_guestwishlistitem
ERROR 2025-05-12 14:31:53,987 cart_helper Error checking wishlist: no such table: boutiqe_guestwishlistitem
ERROR 2025-05-12 14:31:53,988 views Error in quick_view: boutiqe/quick_view.html
ERROR 2025-05-12 14:31:53,991 cart_helper Error checking wishlist: no such table: boutiqe_guestwishlistitem
ERROR 2025-05-12 14:31:53,992 views Error in quick_view: boutiqe/quick_view.html
ERROR 2025-05-12 14:32:10,955 cart_helper Error checking wishlist: no such table: boutiqe_guestwishlistitem
ERROR 2025-05-12 14:32:10,955 views Error in quick_view: boutiqe/quick_view.html
ERROR 2025-05-12 14:32:10,960 cart_helper Error checking wishlist: no such table: boutiqe_guestwishlistitem
ERROR 2025-05-12 14:32:10,960 views Error in quick_view: boutiqe/quick_view.html
ERROR 2025-05-12 15:01:28,748 cart_helper Error checking wishlist: no such table: boutiqe_guestwishlistitem
ERROR 2025-05-12 15:01:28,750 cart_helper Error adding to wishlist: no such table: boutiqe_guestwishlistitem
ERROR 2025-05-12 15:01:29,652 cart_helper Error checking wishlist: no such table: boutiqe_guestwishlistitem
ERROR 2025-05-12 15:01:29,653 cart_helper Error adding to wishlist: no such table: boutiqe_guestwishlistitem
ERROR 2025-05-12 15:01:30,556 cart_helper Error checking wishlist: no such table: boutiqe_guestwishlistitem
ERROR 2025-05-12 15:01:30,558 cart_helper Error adding to wishlist: no such table: boutiqe_guestwishlistitem
ERROR 2025-05-12 15:06:50,203 views Error in quick_view: boutiqe/quick_view.html
ERROR 2025-05-12 15:06:50,208 views Error in quick_view: boutiqe/quick_view.html
ERROR 2025-05-12 15:07:09,948 views Error in quick_view: boutiqe/quick_view.html
ERROR 2025-05-12 15:07:09,952 views Error in quick_view: boutiqe/quick_view.html
ERROR 2025-05-12 15:08:00,227 views Error in quick_view: boutiqe/quick_view.html
ERROR 2025-05-12 15:08:00,232 views Error in quick_view: boutiqe/quick_view.html
ERROR 2025-05-12 15:28:52,287 views Error in quick_view: boutiqe/quick_view.html
ERROR 2025-05-12 15:28:52,289 views Traceback: Traceback (most recent call last):
  File "C:\Users\Amer\Desktop\loras\loras\boutiqe\views.py", line 1444, in quick_view
    return render(request, 'boutiqe/quick_view.html', context)
           ^^^^^^^^^^^^^^^^^^^^^^^^^^^^^^^^^^^^^^^^^^^^^^^^^^^
  File "C:\Users\Amer\AppData\Local\Programs\Python\Python312\Lib\site-packages\django\shortcuts.py", line 24, in render
    content = loader.render_to_string(template_name, context, request, using=using)
              ^^^^^^^^^^^^^^^^^^^^^^^^^^^^^^^^^^^^^^^^^^^^^^^^^^^^^^^^^^^^^^^^^^^^^
  File "C:\Users\Amer\AppData\Local\Programs\Python\Python312\Lib\site-packages\django\template\loader.py", line 61, in render_to_string
    template = get_template(template_name, using=using)
               ^^^^^^^^^^^^^^^^^^^^^^^^^^^^^^^^^^^^^^^^
  File "C:\Users\Amer\AppData\Local\Programs\Python\Python312\Lib\site-packages\django\template\loader.py", line 19, in get_template
    raise TemplateDoesNotExist(template_name, chain=chain)
django.template.exceptions.TemplateDoesNotExist: boutiqe/quick_view.html

ERROR 2025-05-12 15:28:52,294 views Error in quick_view: boutiqe/quick_view.html
ERROR 2025-05-12 15:28:52,294 views Traceback: Traceback (most recent call last):
  File "C:\Users\Amer\Desktop\loras\loras\boutiqe\views.py", line 1444, in quick_view
    return render(request, 'boutiqe/quick_view.html', context)
           ^^^^^^^^^^^^^^^^^^^^^^^^^^^^^^^^^^^^^^^^^^^^^^^^^^^
  File "C:\Users\Amer\AppData\Local\Programs\Python\Python312\Lib\site-packages\django\shortcuts.py", line 24, in render
    content = loader.render_to_string(template_name, context, request, using=using)
              ^^^^^^^^^^^^^^^^^^^^^^^^^^^^^^^^^^^^^^^^^^^^^^^^^^^^^^^^^^^^^^^^^^^^^
  File "C:\Users\Amer\AppData\Local\Programs\Python\Python312\Lib\site-packages\django\template\loader.py", line 61, in render_to_string
    template = get_template(template_name, using=using)
               ^^^^^^^^^^^^^^^^^^^^^^^^^^^^^^^^^^^^^^^^
  File "C:\Users\Amer\AppData\Local\Programs\Python\Python312\Lib\site-packages\django\template\loader.py", line 19, in get_template
    raise TemplateDoesNotExist(template_name, chain=chain)
django.template.exceptions.TemplateDoesNotExist: boutiqe/quick_view.html

ERROR 2025-05-12 15:32:55,377 views Error in quick_view: boutiqe/quick_view.html
ERROR 2025-05-12 15:32:55,381 views Traceback: Traceback (most recent call last):
  File "C:\Users\Amer\Desktop\loras\loras\boutiqe\views.py", line 1445, in quick_view
    return render(request, 'boutiqe/quick_view.html', context)
           ^^^^^^^^^^^^^^^^^^^^^^^^^^^^^^^^^^^^^^^^^^^^^^^^^^^
  File "C:\Users\Amer\AppData\Local\Programs\Python\Python312\Lib\site-packages\django\shortcuts.py", line 24, in render
    content = loader.render_to_string(template_name, context, request, using=using)
              ^^^^^^^^^^^^^^^^^^^^^^^^^^^^^^^^^^^^^^^^^^^^^^^^^^^^^^^^^^^^^^^^^^^^^
  File "C:\Users\Amer\AppData\Local\Programs\Python\Python312\Lib\site-packages\django\template\loader.py", line 61, in render_to_string
    template = get_template(template_name, using=using)
               ^^^^^^^^^^^^^^^^^^^^^^^^^^^^^^^^^^^^^^^^
  File "C:\Users\Amer\AppData\Local\Programs\Python\Python312\Lib\site-packages\django\template\loader.py", line 19, in get_template
    raise TemplateDoesNotExist(template_name, chain=chain)
django.template.exceptions.TemplateDoesNotExist: boutiqe/quick_view.html

ERROR 2025-05-12 15:32:55,390 views Error in quick_view: boutiqe/quick_view.html
ERROR 2025-05-12 15:32:55,392 views Traceback: Traceback (most recent call last):
  File "C:\Users\Amer\Desktop\loras\loras\boutiqe\views.py", line 1445, in quick_view
    return render(request, 'boutiqe/quick_view.html', context)
           ^^^^^^^^^^^^^^^^^^^^^^^^^^^^^^^^^^^^^^^^^^^^^^^^^^^
  File "C:\Users\Amer\AppData\Local\Programs\Python\Python312\Lib\site-packages\django\shortcuts.py", line 24, in render
    content = loader.render_to_string(template_name, context, request, using=using)
              ^^^^^^^^^^^^^^^^^^^^^^^^^^^^^^^^^^^^^^^^^^^^^^^^^^^^^^^^^^^^^^^^^^^^^
  File "C:\Users\Amer\AppData\Local\Programs\Python\Python312\Lib\site-packages\django\template\loader.py", line 61, in render_to_string
    template = get_template(template_name, using=using)
               ^^^^^^^^^^^^^^^^^^^^^^^^^^^^^^^^^^^^^^^^
  File "C:\Users\Amer\AppData\Local\Programs\Python\Python312\Lib\site-packages\django\template\loader.py", line 19, in get_template
    raise TemplateDoesNotExist(template_name, chain=chain)
django.template.exceptions.TemplateDoesNotExist: boutiqe/quick_view.html

ERROR 2025-05-12 15:33:01,561 views Error in quick_view: boutiqe/quick_view.html
ERROR 2025-05-12 15:33:01,561 views Traceback: Traceback (most recent call last):
  File "C:\Users\Amer\Desktop\loras\loras\boutiqe\views.py", line 1445, in quick_view
    return render(request, 'boutiqe/quick_view.html', context)
           ^^^^^^^^^^^^^^^^^^^^^^^^^^^^^^^^^^^^^^^^^^^^^^^^^^^
  File "C:\Users\Amer\AppData\Local\Programs\Python\Python312\Lib\site-packages\django\shortcuts.py", line 24, in render
    content = loader.render_to_string(template_name, context, request, using=using)
              ^^^^^^^^^^^^^^^^^^^^^^^^^^^^^^^^^^^^^^^^^^^^^^^^^^^^^^^^^^^^^^^^^^^^^
  File "C:\Users\Amer\AppData\Local\Programs\Python\Python312\Lib\site-packages\django\template\loader.py", line 61, in render_to_string
    template = get_template(template_name, using=using)
               ^^^^^^^^^^^^^^^^^^^^^^^^^^^^^^^^^^^^^^^^
  File "C:\Users\Amer\AppData\Local\Programs\Python\Python312\Lib\site-packages\django\template\loader.py", line 19, in get_template
    raise TemplateDoesNotExist(template_name, chain=chain)
django.template.exceptions.TemplateDoesNotExist: boutiqe/quick_view.html

ERROR 2025-05-12 15:33:01,567 views Error in quick_view: boutiqe/quick_view.html
ERROR 2025-05-12 15:33:01,568 views Traceback: Traceback (most recent call last):
  File "C:\Users\Amer\Desktop\loras\loras\boutiqe\views.py", line 1445, in quick_view
    return render(request, 'boutiqe/quick_view.html', context)
           ^^^^^^^^^^^^^^^^^^^^^^^^^^^^^^^^^^^^^^^^^^^^^^^^^^^
  File "C:\Users\Amer\AppData\Local\Programs\Python\Python312\Lib\site-packages\django\shortcuts.py", line 24, in render
    content = loader.render_to_string(template_name, context, request, using=using)
              ^^^^^^^^^^^^^^^^^^^^^^^^^^^^^^^^^^^^^^^^^^^^^^^^^^^^^^^^^^^^^^^^^^^^^
  File "C:\Users\Amer\AppData\Local\Programs\Python\Python312\Lib\site-packages\django\template\loader.py", line 61, in render_to_string
    template = get_template(template_name, using=using)
               ^^^^^^^^^^^^^^^^^^^^^^^^^^^^^^^^^^^^^^^^
  File "C:\Users\Amer\AppData\Local\Programs\Python\Python312\Lib\site-packages\django\template\loader.py", line 19, in get_template
    raise TemplateDoesNotExist(template_name, chain=chain)
django.template.exceptions.TemplateDoesNotExist: boutiqe/quick_view.html

ERROR 2025-05-12 15:33:19,758 views Error in quick_view: boutiqe/quick_view.html
ERROR 2025-05-12 15:33:19,759 views Traceback: Traceback (most recent call last):
  File "C:\Users\Amer\Desktop\loras\loras\boutiqe\views.py", line 1445, in quick_view
    return render(request, 'boutiqe/quick_view.html', context)
           ^^^^^^^^^^^^^^^^^^^^^^^^^^^^^^^^^^^^^^^^^^^^^^^^^^^
  File "C:\Users\Amer\AppData\Local\Programs\Python\Python312\Lib\site-packages\django\shortcuts.py", line 24, in render
    content = loader.render_to_string(template_name, context, request, using=using)
              ^^^^^^^^^^^^^^^^^^^^^^^^^^^^^^^^^^^^^^^^^^^^^^^^^^^^^^^^^^^^^^^^^^^^^
  File "C:\Users\Amer\AppData\Local\Programs\Python\Python312\Lib\site-packages\django\template\loader.py", line 61, in render_to_string
    template = get_template(template_name, using=using)
               ^^^^^^^^^^^^^^^^^^^^^^^^^^^^^^^^^^^^^^^^
  File "C:\Users\Amer\AppData\Local\Programs\Python\Python312\Lib\site-packages\django\template\loader.py", line 19, in get_template
    raise TemplateDoesNotExist(template_name, chain=chain)
django.template.exceptions.TemplateDoesNotExist: boutiqe/quick_view.html

ERROR 2025-05-12 15:33:19,765 views Error in quick_view: boutiqe/quick_view.html
ERROR 2025-05-12 15:33:19,766 views Traceback: Traceback (most recent call last):
  File "C:\Users\Amer\Desktop\loras\loras\boutiqe\views.py", line 1445, in quick_view
    return render(request, 'boutiqe/quick_view.html', context)
           ^^^^^^^^^^^^^^^^^^^^^^^^^^^^^^^^^^^^^^^^^^^^^^^^^^^
  File "C:\Users\Amer\AppData\Local\Programs\Python\Python312\Lib\site-packages\django\shortcuts.py", line 24, in render
    content = loader.render_to_string(template_name, context, request, using=using)
              ^^^^^^^^^^^^^^^^^^^^^^^^^^^^^^^^^^^^^^^^^^^^^^^^^^^^^^^^^^^^^^^^^^^^^
  File "C:\Users\Amer\AppData\Local\Programs\Python\Python312\Lib\site-packages\django\template\loader.py", line 61, in render_to_string
    template = get_template(template_name, using=using)
               ^^^^^^^^^^^^^^^^^^^^^^^^^^^^^^^^^^^^^^^^
  File "C:\Users\Amer\AppData\Local\Programs\Python\Python312\Lib\site-packages\django\template\loader.py", line 19, in get_template
    raise TemplateDoesNotExist(template_name, chain=chain)
django.template.exceptions.TemplateDoesNotExist: boutiqe/quick_view.html

ERROR 2025-05-12 16:27:06,888 views Error in quick_view: boutiqe/quick_view.html
ERROR 2025-05-12 16:27:06,890 views Traceback: Traceback (most recent call last):
  File "C:\Users\Amer\Desktop\loras\loras\boutiqe\views.py", line 1465, in quick_view
    return render(request, 'boutiqe/quick_view.html', context)
           ^^^^^^^^^^^^^^^^^^^^^^^^^^^^^^^^^^^^^^^^^^^^^^^^^^^
  File "C:\Users\Amer\AppData\Local\Programs\Python\Python312\Lib\site-packages\django\shortcuts.py", line 24, in render
    content = loader.render_to_string(template_name, context, request, using=using)
              ^^^^^^^^^^^^^^^^^^^^^^^^^^^^^^^^^^^^^^^^^^^^^^^^^^^^^^^^^^^^^^^^^^^^^
  File "C:\Users\Amer\AppData\Local\Programs\Python\Python312\Lib\site-packages\django\template\loader.py", line 61, in render_to_string
    template = get_template(template_name, using=using)
               ^^^^^^^^^^^^^^^^^^^^^^^^^^^^^^^^^^^^^^^^
  File "C:\Users\Amer\AppData\Local\Programs\Python\Python312\Lib\site-packages\django\template\loader.py", line 19, in get_template
    raise TemplateDoesNotExist(template_name, chain=chain)
django.template.exceptions.TemplateDoesNotExist: boutiqe/quick_view.html

ERROR 2025-05-12 16:27:06,896 views Error in quick_view: boutiqe/quick_view.html
ERROR 2025-05-12 16:27:06,896 views Traceback: Traceback (most recent call last):
  File "C:\Users\Amer\Desktop\loras\loras\boutiqe\views.py", line 1465, in quick_view
    return render(request, 'boutiqe/quick_view.html', context)
           ^^^^^^^^^^^^^^^^^^^^^^^^^^^^^^^^^^^^^^^^^^^^^^^^^^^
  File "C:\Users\Amer\AppData\Local\Programs\Python\Python312\Lib\site-packages\django\shortcuts.py", line 24, in render
    content = loader.render_to_string(template_name, context, request, using=using)
              ^^^^^^^^^^^^^^^^^^^^^^^^^^^^^^^^^^^^^^^^^^^^^^^^^^^^^^^^^^^^^^^^^^^^^
  File "C:\Users\Amer\AppData\Local\Programs\Python\Python312\Lib\site-packages\django\template\loader.py", line 61, in render_to_string
    template = get_template(template_name, using=using)
               ^^^^^^^^^^^^^^^^^^^^^^^^^^^^^^^^^^^^^^^^
  File "C:\Users\Amer\AppData\Local\Programs\Python\Python312\Lib\site-packages\django\template\loader.py", line 19, in get_template
    raise TemplateDoesNotExist(template_name, chain=chain)
django.template.exceptions.TemplateDoesNotExist: boutiqe/quick_view.html

